<?xml version="1.0" encoding="UTF-8"?>
<testng-results ignored="0" total="4" passed="4" failed="0" skipped="0">
  <reporter-output>
  </reporter-output>
  <suite started-at="2025-02-05T03:31:49Z" name="Default suite" finished-at="2025-02-05T03:32:02Z" duration-ms="12770">
    <groups>
      <group name="cucumber">
        <method signature="AbstractTestNGCucumberTests.runScenario(cucumber.api.testng.PickleEventWrapper, cucumber.api.testng.CucumberFeatureWrapper)[pri:0, instance:testRunner.AdminLogin@23f5b5dc]" name="runScenario" class="cucumber.api.testng.AbstractTestNGCucumberTests"/>
      </group> <!-- cucumber -->
    </groups>
    <test started-at="2025-02-05T03:31:49Z" name="Default test" finished-at="2025-02-05T03:32:02Z" duration-ms="12770">
      <class name="testRunner.AdminLogin">
        <test-method is-config="true" signature="setUpClass()[pri:0, instance:testRunner.AdminLogin@23f5b5dc]" started-at="2025-02-05T03:31:49Z" name="setUpClass" finished-at="2025-02-05T03:31:49Z" duration-ms="157" status="PASS">
          <reporter-output>
          </reporter-output>
        </test-method> <!-- setUpClass -->
        <test-method signature="runScenario(cucumber.api.testng.PickleEventWrapper, cucumber.api.testng.CucumberFeatureWrapper)[pri:0, instance:testRunner.AdminLogin@23f5b5dc]" started-at="2025-02-05T03:31:49Z" name="runScenario" description="Runs Cucumber Scenarios" data-provider="scenarios" finished-at="2025-02-05T03:31:54Z" duration-ms="5140" status="PASS">
          <params>
            <param index="0">
              <value>
                <![CDATA["Check Admin Login with valid data"]]>
              </value>
            </param>
            <param index="1">
              <value>
                <![CDATA["Admin Login"]]>
              </value>
            </param>
          </params>
          <reporter-output>
          </reporter-output>
        </test-method> <!-- runScenario -->
        <test-method signature="runScenario(cucumber.api.testng.PickleEventWrapper, cucumber.api.testng.CucumberFeatureWrapper)[pri:0, instance:testRunner.AdminLogin@23f5b5dc]" started-at="2025-02-05T03:31:54Z" name="runScenario" description="Runs Cucumber Scenarios" data-provider="scenarios" finished-at="2025-02-05T03:31:57Z" duration-ms="2652" status="PASS">
          <params>
            <param index="0">
              <value>
                <![CDATA["Check Admin Login with invalid data"]]>
              </value>
            </param>
            <param index="1">
              <value>
                <![CDATA["Admin Login"]]>
              </value>
            </param>
          </params>
          <reporter-output>
          </reporter-output>
        </test-method> <!-- runScenario -->
        <test-method signature="runScenario(cucumber.api.testng.PickleEventWrapper, cucumber.api.testng.CucumberFeatureWrapper)[pri:0, instance:testRunner.AdminLogin@23f5b5dc]" started-at="2025-02-05T03:31:57Z" name="runScenario" description="Runs Cucumber Scenarios" data-provider="scenarios" finished-at="2025-02-05T03:31:59Z" duration-ms="2275" status="PASS">
          <params>
            <param index="0">
              <value>
                <![CDATA["Check Admin Login with invalid data"]]>
              </value>
            </param>
            <param index="1">
              <value>
                <![CDATA["Admin Login"]]>
              </value>
            </param>
          </params>
          <reporter-output>
          </reporter-output>
        </test-method> <!-- runScenario -->
        <test-method signature="runScenario(cucumber.api.testng.PickleEventWrapper, cucumber.api.testng.CucumberFeatureWrapper)[pri:0, instance:testRunner.AdminLogin@23f5b5dc]" started-at="2025-02-05T03:31:59Z" name="runScenario" description="Runs Cucumber Scenarios" data-provider="scenarios" finished-at="2025-02-05T03:32:01Z" duration-ms="2217" status="PASS">
          <params>
            <param index="0">
              <value>
                <![CDATA["Check Admin Login with invalid data"]]>
              </value>
            </param>
            <param index="1">
              <value>
                <![CDATA["Admin Login"]]>
              </value>
            </param>
          </params>
          <reporter-output>
          </reporter-output>
        </test-method> <!-- runScenario -->
        <test-method is-config="true" signature="tearDownClass()[pri:0, instance:testRunner.AdminLogin@23f5b5dc]" started-at="2025-02-05T03:32:01Z" name="tearDownClass" finished-at="2025-02-05T03:32:02Z" duration-ms="283" status="PASS">
          <reporter-output>
          </reporter-output>
        </test-method> <!-- tearDownClass -->
      </class> <!-- testRunner.AdminLogin -->
    </test> <!-- Default test -->
  </suite> <!-- Default suite -->
</testng-results>
